<?xml version="1.0" encoding="UTF-8"?>
<!-- Generated by org.testng.reporters.JUnitXMLReporter -->
<testsuite ignored="0" hostname="Vaishu" failures="0" tests="4" name="Default test" time="7.574" errors="0" timestamp="2024-07-11T16:21:33 IST">
  <testcase classname="TestLayer.SignUpPageTest" name="validateSignUpFunctionalityTest" time="0.372"/>
  <testcase classname="TestLayer.SignUpPageTest" name="validateSignUpFunctionalityTest" time="0.182"/>
  <testcase classname="TestLayer.SignUpPageTest" name="validateSignUpFunctionalityTest" time="0.126"/>
  <testcase classname="TestLayer.SignUpPageTest" name="validateSignUpFunctionalityTest" time="0.163"/>
</testsuite> <!-- Default test -->
