<?xml version="1.0" encoding="UTF-8"?>
<testng-results ignored="0" total="4" passed="4" failed="0" skipped="0">
  <reporter-output>
  </reporter-output>
  <suite started-at="2024-07-11T16:21:26 IST" name="Default suite" finished-at="2024-07-11T16:21:33 IST" duration-ms="7574">
    <groups>
    </groups>
    <test started-at="2024-07-11T16:21:26 IST" name="Default test" finished-at="2024-07-11T16:21:33 IST" duration-ms="7574">
      <class name="TestLayer.SignUpPageTest">
        <test-method is-config="true" signature="setUp()[pri:0, instance:TestLayer.SignUpPageTest@290222c1]" started-at="2024-07-11T16:21:26 IST" name="setUp" finished-at="2024-07-11T16:21:32 IST" duration-ms="6307" status="PASS">
          <reporter-output>
          </reporter-output>
        </test-method> <!-- setUp -->
        <test-method signature="validateSignUpFunctionalityTest(java.lang.String,java.lang.String)[pri:0, instance:TestLayer.SignUpPageTest@290222c1]" started-at="2024-07-11T16:21:33 IST" name="validateSignUpFunctionalityTest" data-provider="fbapplication" finished-at="2024-07-11T16:21:33 IST" duration-ms="372" status="PASS">
          <params>
            <param index="0">
              <value>
                <![CDATA[Virat]]>
              </value>
            </param>
            <param index="1">
              <value>
                <![CDATA[Kohli]]>
              </value>
            </param>
          </params>
          <reporter-output>
          </reporter-output>
        </test-method> <!-- validateSignUpFunctionalityTest -->
        <test-method signature="validateSignUpFunctionalityTest(java.lang.String,java.lang.String)[pri:0, instance:TestLayer.SignUpPageTest@290222c1]" started-at="2024-07-11T16:21:33 IST" name="validateSignUpFunctionalityTest" data-provider="fbapplication" finished-at="2024-07-11T16:21:33 IST" duration-ms="182" status="PASS">
          <params>
            <param index="0">
              <value>
                <![CDATA[]]>
              </value>
            </param>
            <param index="1">
              <value>
                <![CDATA[]]>
              </value>
            </param>
          </params>
          <reporter-output>
          </reporter-output>
        </test-method> <!-- validateSignUpFunctionalityTest -->
        <test-method signature="validateSignUpFunctionalityTest(java.lang.String,java.lang.String)[pri:0, instance:TestLayer.SignUpPageTest@290222c1]" started-at="2024-07-11T16:21:33 IST" name="validateSignUpFunctionalityTest" data-provider="fbapplication" finished-at="2024-07-11T16:21:33 IST" duration-ms="126" status="PASS">
          <params>
            <param index="0">
              <value>
                <![CDATA[]]>
              </value>
            </param>
            <param index="1">
              <value>
                <![CDATA[]]>
              </value>
            </param>
          </params>
          <reporter-output>
          </reporter-output>
        </test-method> <!-- validateSignUpFunctionalityTest -->
        <test-method signature="validateSignUpFunctionalityTest(java.lang.String,java.lang.String)[pri:0, instance:TestLayer.SignUpPageTest@290222c1]" started-at="2024-07-11T16:21:33 IST" name="validateSignUpFunctionalityTest" data-provider="fbapplication" finished-at="2024-07-11T16:21:33 IST" duration-ms="163" status="PASS">
          <params>
            <param index="0">
              <value>
                <![CDATA[]]>
              </value>
            </param>
            <param index="1">
              <value>
                <![CDATA[]]>
              </value>
            </param>
          </params>
          <reporter-output>
          </reporter-output>
        </test-method> <!-- validateSignUpFunctionalityTest -->
      </class> <!-- TestLayer.SignUpPageTest -->
    </test> <!-- Default test -->
  </suite> <!-- Default suite -->
</testng-results>
